npm WARN ERESOLVE overriding peer dependency
npm WARN While resolving: @loki/integration-react@0.28.0
npm WARN Found: @storybook/react@7.6.7
npm WARN node_modules/@storybook/react
npm WARN   dev @storybook/react@"7.6.7" from the root project
npm WARN   1 more (@storybook/react-webpack5)
npm WARN 
npm WARN Could not resolve dependency:
npm WARN peerOptional @storybook/react@"^5 || ^6" from @loki/integration-react@0.28.0
npm WARN node_modules/@loki/integration-react
npm WARN   @loki/integration-react@"^0.28.0" from loki@0.28.1
npm WARN   node_modules/loki
npm WARN 
npm WARN Conflicting peer dependency: @storybook/react@6.5.16
npm WARN node_modules/@storybook/react
npm WARN   peerOptional @storybook/react@"^5 || ^6" from @loki/integration-react@0.28.0
npm WARN   node_modules/@loki/integration-react
npm WARN     @loki/integration-react@"^0.28.0" from loki@0.28.1
npm WARN     node_modules/loki
npm ERR! code ERESOLVE
npm ERR! ERESOLVE could not resolve
npm ERR! 
npm ERR! While resolving: loki@0.28.1
npm ERR! Found: @storybook/react@7.6.7
npm ERR! node_modules/@storybook/react
npm ERR!   dev @storybook/react@"7.6.7" from the root project
npm ERR!   @storybook/react@"7.6.7" from @storybook/react-webpack5@7.6.7
npm ERR!   node_modules/@storybook/react-webpack5
npm ERR!     dev @storybook/react-webpack5@"7.6.7" from the root project
npm ERR! 
npm ERR! Could not resolve dependency:
npm ERR! peerOptional @storybook/react@"^5 || ^6" from loki@0.28.1
npm ERR! node_modules/loki
npm ERR!   dev loki@"^0.28.1" from the root project
npm ERR! 
npm ERR! Conflicting peer dependency: @storybook/react@6.5.16
npm ERR! node_modules/@storybook/react
npm ERR!   peerOptional @storybook/react@"^5 || ^6" from loki@0.28.1
npm ERR!   node_modules/loki
npm ERR!     dev loki@"^0.28.1" from the root project
npm ERR! 
npm ERR! Fix the upstream dependency conflict, or retry
npm ERR! this command with --force or --legacy-peer-deps
npm ERR! to accept an incorrect (and potentially broken) dependency resolution.
npm ERR! 
npm ERR! 
npm ERR! For a full report see:
npm ERR! C:\Users\user\AppData\Local\npm-cache\_logs\2024-01-10T21_05_38_364Z-eresolve-report.txt

npm ERR! A complete log of this run can be found in: C:\Users\user\AppData\Local\npm-cache\_logs\2024-01-10T21_05_38_364Z-debug-0.log
